This is pdfTeX, Version 3.14159265-2.6-1.40.18 (TeX Live 2017/Debian) (preloaded format=pdflatex 2018.10.14)  11 DEC 2018 00:13
entering extended mode
 restricted \write18 enabled.
 %&-line parsing enabled.
**informe.tex
(./informe.tex
LaTeX2e <2017-04-15>
Babel <3.18> and hyphenation patterns for 84 language(s) loaded.
(/usr/share/texlive/texmf-dist/tex/latex/IEEEtran/IEEEtran.cls
Document Class: IEEEtran 2015/08/26 V1.8b by Michael Shell
-- See the "IEEEtran_HOWTO" manual for usage information.
-- http://www.michaelshell.org/tex/ieeetran/
\@IEEEtrantmpdimenA=\dimen102
\@IEEEtrantmpdimenB=\dimen103
\@IEEEtrantmpdimenC=\dimen104
\@IEEEtrantmpcountA=\count79
\@IEEEtrantmpcountB=\count80
\@IEEEtrantmpcountC=\count81
\@IEEEtrantmptoksA=\toks14
LaTeX Font Info:    Try loading font information for OT1+ptm on input line 503.

(/usr/share/texlive/texmf-dist/tex/latex/psnfss/ot1ptm.fd
File: ot1ptm.fd 2001/06/04 font definitions for OT1/ptm.
)
-- Using 8.5in x 11in (letter) paper.
-- Using PDF output.
\@IEEEnormalsizeunitybaselineskip=\dimen105
-- This is a 10 point document.
\CLASSINFOnormalsizebaselineskip=\dimen106
\CLASSINFOnormalsizeunitybaselineskip=\dimen107
\IEEEnormaljot=\dimen108
LaTeX Font Info:    Font shape `OT1/ptm/bx/n' in size <5> not available
(Font)              Font shape `OT1/ptm/b/n' tried instead on input line 1090.
LaTeX Font Info:    Font shape `OT1/ptm/bx/it' in size <5> not available
(Font)              Font shape `OT1/ptm/b/it' tried instead on input line 1090.

LaTeX Font Info:    Font shape `OT1/ptm/bx/n' in size <7> not available
(Font)              Font shape `OT1/ptm/b/n' tried instead on input line 1090.
LaTeX Font Info:    Font shape `OT1/ptm/bx/it' in size <7> not available
(Font)              Font shape `OT1/ptm/b/it' tried instead on input line 1090.

LaTeX Font Info:    Font shape `OT1/ptm/bx/n' in size <8> not available
(Font)              Font shape `OT1/ptm/b/n' tried instead on input line 1090.
LaTeX Font Info:    Font shape `OT1/ptm/bx/it' in size <8> not available
(Font)              Font shape `OT1/ptm/b/it' tried instead on input line 1090.

LaTeX Font Info:    Font shape `OT1/ptm/bx/n' in size <9> not available
(Font)              Font shape `OT1/ptm/b/n' tried instead on input line 1090.
LaTeX Font Info:    Font shape `OT1/ptm/bx/it' in size <9> not available
(Font)              Font shape `OT1/ptm/b/it' tried instead on input line 1090.

LaTeX Font Info:    Font shape `OT1/ptm/bx/n' in size <10> not available
(Font)              Font shape `OT1/ptm/b/n' tried instead on input line 1090.
LaTeX Font Info:    Font shape `OT1/ptm/bx/it' in size <10> not available
(Font)              Font shape `OT1/ptm/b/it' tried instead on input line 1090.

LaTeX Font Info:    Font shape `OT1/ptm/bx/n' in size <11> not available
(Font)              Font shape `OT1/ptm/b/n' tried instead on input line 1090.
LaTeX Font Info:    Font shape `OT1/ptm/bx/it' in size <11> not available
(Font)              Font shape `OT1/ptm/b/it' tried instead on input line 1090.

LaTeX Font Info:    Font shape `OT1/ptm/bx/n' in size <12> not available
(Font)              Font shape `OT1/ptm/b/n' tried instead on input line 1090.
LaTeX Font Info:    Font shape `OT1/ptm/bx/it' in size <12> not available
(Font)              Font shape `OT1/ptm/b/it' tried instead on input line 1090.

LaTeX Font Info:    Font shape `OT1/ptm/bx/n' in size <17> not available
(Font)              Font shape `OT1/ptm/b/n' tried instead on input line 1090.
LaTeX Font Info:    Font shape `OT1/ptm/bx/it' in size <17> not available
(Font)              Font shape `OT1/ptm/b/it' tried instead on input line 1090.

LaTeX Font Info:    Font shape `OT1/ptm/bx/n' in size <20> not available
(Font)              Font shape `OT1/ptm/b/n' tried instead on input line 1090.
LaTeX Font Info:    Font shape `OT1/ptm/bx/it' in size <20> not available
(Font)              Font shape `OT1/ptm/b/it' tried instead on input line 1090.

LaTeX Font Info:    Font shape `OT1/ptm/bx/n' in size <24> not available
(Font)              Font shape `OT1/ptm/b/n' tried instead on input line 1090.
LaTeX Font Info:    Font shape `OT1/ptm/bx/it' in size <24> not available
(Font)              Font shape `OT1/ptm/b/it' tried instead on input line 1090.

\IEEEquantizedlength=\dimen109
\IEEEquantizedlengthdiff=\dimen110
\IEEEquantizedtextheightdiff=\dimen111
\IEEEilabelindentA=\dimen112
\IEEEilabelindentB=\dimen113
\IEEEilabelindent=\dimen114
\IEEEelabelindent=\dimen115
\IEEEdlabelindent=\dimen116
\IEEElabelindent=\dimen117
\IEEEiednormlabelsep=\dimen118
\IEEEiedmathlabelsep=\dimen119
\IEEEiedtopsep=\skip41
\c@section=\count82
\c@subsection=\count83
\c@subsubsection=\count84
\c@paragraph=\count85
\c@IEEEsubequation=\count86
\abovecaptionskip=\skip42
\belowcaptionskip=\skip43
\c@figure=\count87
\c@table=\count88
\@IEEEeqnnumcols=\count89
\@IEEEeqncolcnt=\count90
\@IEEEsubeqnnumrollback=\count91
\@IEEEquantizeheightA=\dimen120
\@IEEEquantizeheightB=\dimen121
\@IEEEquantizeheightC=\dimen122
\@IEEEquantizeprevdepth=\dimen123
\@IEEEquantizemultiple=\count92
\@IEEEquantizeboxA=\box26
\@IEEEtmpitemindent=\dimen124
\IEEEPARstartletwidth=\dimen125
\c@IEEEbiography=\count93
\@IEEEtranrubishbin=\box27
) (/usr/share/texlive/texmf-dist/tex/generic/babel/babel.sty
Package: babel 2018/02/14 3.18 The Babel package

(/usr/share/texlive/texmf-dist/tex/generic/babel/switch.def
File: switch.def 2018/02/14 3.18 Babel switching mechanism
)
(/usr/share/texlive/texmf-dist/tex/generic/babel-spanish/spanish.ldf
Language: spanish.ldf 2016/03/03 v5.0p Spanish support from the babel system

(/usr/share/texlive/texmf-dist/tex/generic/babel/babel.def
File: babel.def 2018/02/14 3.18 Babel common definitions
\babel@savecnt=\count94
\U@D=\dimen126

(/usr/share/texlive/texmf-dist/tex/generic/babel/txtbabel.def)
\bbl@dirlevel=\count95
)
\es@quottoks=\toks15
\es@quotdepth=\count96
Package babel Info: Making " an active character on input line 561.
Package babel Info: Making . an active character on input line 662.
Package babel Info: Making < an active character on input line 707.
Package babel Info: Making > an active character on input line 707.
)
(/usr/share/texlive/texmf-dist/tex/generic/babel-english/USenglish.ldf
Language: USenglish 2017/06/06 v3.3r English support from the babel system

(/usr/share/texlive/texmf-dist/tex/generic/babel-english/english.ldf
Language: english 2017/06/06 v3.3r English support from the babel system
\l@canadian = a dialect from \language\l@american 
\l@australian = a dialect from \language\l@british 
\l@newzealand = a dialect from \language\l@british 
)))
(/usr/share/texlive/texmf-dist/tex/latex/base/inputenc.sty
Package: inputenc 2015/03/17 v1.2c Input encoding file
\inpenc@prehook=\toks16
\inpenc@posthook=\toks17

(/usr/share/texlive/texmf-dist/tex/latex/base/utf8.def
File: utf8.def 2017/01/28 v1.1t UTF-8 support for inputenc
Now handling font encoding OML ...
... no UTF-8 mapping file for font encoding OML
Now handling font encoding T1 ...
... processing UTF-8 mapping file for font encoding T1

(/usr/share/texlive/texmf-dist/tex/latex/base/t1enc.dfu
File: t1enc.dfu 2017/01/28 v1.1t UTF-8 support for inputenc
   defining Unicode char U+00A0 (decimal 160)
   defining Unicode char U+00A1 (decimal 161)
   defining Unicode char U+00A3 (decimal 163)
   defining Unicode char U+00AB (decimal 171)
   defining Unicode char U+00AD (decimal 173)
   defining Unicode char U+00BB (decimal 187)
   defining Unicode char U+00BF (decimal 191)
   defining Unicode char U+00C0 (decimal 192)
   defining Unicode char U+00C1 (decimal 193)
   defining Unicode char U+00C2 (decimal 194)
   defining Unicode char U+00C3 (decimal 195)
   defining Unicode char U+00C4 (decimal 196)
   defining Unicode char U+00C5 (decimal 197)
   defining Unicode char U+00C6 (decimal 198)
   defining Unicode char U+00C7 (decimal 199)
   defining Unicode char U+00C8 (decimal 200)
   defining Unicode char U+00C9 (decimal 201)
   defining Unicode char U+00CA (decimal 202)
   defining Unicode char U+00CB (decimal 203)
   defining Unicode char U+00CC (decimal 204)
   defining Unicode char U+00CD (decimal 205)
   defining Unicode char U+00CE (decimal 206)
   defining Unicode char U+00CF (decimal 207)
   defining Unicode char U+00D0 (decimal 208)
   defining Unicode char U+00D1 (decimal 209)
   defining Unicode char U+00D2 (decimal 210)
   defining Unicode char U+00D3 (decimal 211)
   defining Unicode char U+00D4 (decimal 212)
   defining Unicode char U+00D5 (decimal 213)
   defining Unicode char U+00D6 (decimal 214)
   defining Unicode char U+00D8 (decimal 216)
   defining Unicode char U+00D9 (decimal 217)
   defining Unicode char U+00DA (decimal 218)
   defining Unicode char U+00DB (decimal 219)
   defining Unicode char U+00DC (decimal 220)
   defining Unicode char U+00DD (decimal 221)
   defining Unicode char U+00DE (decimal 222)
   defining Unicode char U+00DF (decimal 223)
   defining Unicode char U+00E0 (decimal 224)
   defining Unicode char U+00E1 (decimal 225)
   defining Unicode char U+00E2 (decimal 226)
   defining Unicode char U+00E3 (decimal 227)
   defining Unicode char U+00E4 (decimal 228)
   defining Unicode char U+00E5 (decimal 229)
   defining Unicode char U+00E6 (decimal 230)
   defining Unicode char U+00E7 (decimal 231)
   defining Unicode char U+00E8 (decimal 232)
   defining Unicode char U+00E9 (decimal 233)
   defining Unicode char U+00EA (decimal 234)
   defining Unicode char U+00EB (decimal 235)
   defining Unicode char U+00EC (decimal 236)
   defining Unicode char U+00ED (decimal 237)
   defining Unicode char U+00EE (decimal 238)
   defining Unicode char U+00EF (decimal 239)
   defining Unicode char U+00F0 (decimal 240)
   defining Unicode char U+00F1 (decimal 241)
   defining Unicode char U+00F2 (decimal 242)
   defining Unicode char U+00F3 (decimal 243)
   defining Unicode char U+00F4 (decimal 244)
   defining Unicode char U+00F5 (decimal 245)
   defining Unicode char U+00F6 (decimal 246)
   defining Unicode char U+00F8 (decimal 248)
   defining Unicode char U+00F9 (decimal 249)
   defining Unicode char U+00FA (decimal 250)
   defining Unicode char U+00FB (decimal 251)
   defining Unicode char U+00FC (decimal 252)
   defining Unicode char U+00FD (decimal 253)
   defining Unicode char U+00FE (decimal 254)
   defining Unicode char U+00FF (decimal 255)
   defining Unicode char U+0100 (decimal 256)
   defining Unicode char U+0101 (decimal 257)
   defining Unicode char U+0102 (decimal 258)
   defining Unicode char U+0103 (decimal 259)
   defining Unicode char U+0104 (decimal 260)
   defining Unicode char U+0105 (decimal 261)
   defining Unicode char U+0106 (decimal 262)
   defining Unicode char U+0107 (decimal 263)
   defining Unicode char U+0108 (decimal 264)
   defining Unicode char U+0109 (decimal 265)
   defining Unicode char U+010A (decimal 266)
   defining Unicode char U+010B (decimal 267)
   defining Unicode char U+010C (decimal 268)
   defining Unicode char U+010D (decimal 269)
   defining Unicode char U+010E (decimal 270)
   defining Unicode char U+010F (decimal 271)
   defining Unicode char U+0110 (decimal 272)
   defining Unicode char U+0111 (decimal 273)
   defining Unicode char U+0112 (decimal 274)
   defining Unicode char U+0113 (decimal 275)
   defining Unicode char U+0114 (decimal 276)
   defining Unicode char U+0115 (decimal 277)
   defining Unicode char U+0116 (decimal 278)
   defining Unicode char U+0117 (decimal 279)
   defining Unicode char U+0118 (decimal 280)
   defining Unicode char U+0119 (decimal 281)
   defining Unicode char U+011A (decimal 282)
   defining Unicode char U+011B (decimal 283)
   defining Unicode char U+011C (decimal 284)
   defining Unicode char U+011D (decimal 285)
   defining Unicode char U+011E (decimal 286)
   defining Unicode char U+011F (decimal 287)
   defining Unicode char U+0120 (decimal 288)
   defining Unicode char U+0121 (decimal 289)
   defining Unicode char U+0122 (decimal 290)
   defining Unicode char U+0123 (decimal 291)
   defining Unicode char U+0124 (decimal 292)
   defining Unicode char U+0125 (decimal 293)
   defining Unicode char U+0128 (decimal 296)
   defining Unicode char U+0129 (decimal 297)
   defining Unicode char U+012A (decimal 298)
   defining Unicode char U+012B (decimal 299)
   defining Unicode char U+012C (decimal 300)
   defining Unicode char U+012D (decimal 301)
   defining Unicode char U+012E (decimal 302)
   defining Unicode char U+012F (decimal 303)
   defining Unicode char U+0130 (decimal 304)
   defining Unicode char U+0131 (decimal 305)
   defining Unicode char U+0132 (decimal 306)
   defining Unicode char U+0133 (decimal 307)
   defining Unicode char U+0134 (decimal 308)
   defining Unicode char U+0135 (decimal 309)
   defining Unicode char U+0136 (decimal 310)
   defining Unicode char U+0137 (decimal 311)
   defining Unicode char U+0139 (decimal 313)
   defining Unicode char U+013A (decimal 314)
   defining Unicode char U+013B (decimal 315)
   defining Unicode char U+013C (decimal 316)
   defining Unicode char U+013D (decimal 317)
   defining Unicode char U+013E (decimal 318)
   defining Unicode char U+0141 (decimal 321)
   defining Unicode char U+0142 (decimal 322)
   defining Unicode char U+0143 (decimal 323)
   defining Unicode char U+0144 (decimal 324)
   defining Unicode char U+0145 (decimal 325)
   defining Unicode char U+0146 (decimal 326)
   defining Unicode char U+0147 (decimal 327)
   defining Unicode char U+0148 (decimal 328)
   defining Unicode char U+014A (decimal 330)
   defining Unicode char U+014B (decimal 331)
   defining Unicode char U+014C (decimal 332)
   defining Unicode char U+014D (decimal 333)
   defining Unicode char U+014E (decimal 334)
   defining Unicode char U+014F (decimal 335)
   defining Unicode char U+0150 (decimal 336)
   defining Unicode char U+0151 (decimal 337)
   defining Unicode char U+0152 (decimal 338)
   defining Unicode char U+0153 (decimal 339)
   defining Unicode char U+0154 (decimal 340)
   defining Unicode char U+0155 (decimal 341)
   defining Unicode char U+0156 (decimal 342)
   defining Unicode char U+0157 (decimal 343)
   defining Unicode char U+0158 (decimal 344)
   defining Unicode char U+0159 (decimal 345)
   defining Unicode char U+015A (decimal 346)
   defining Unicode char U+015B (decimal 347)
   defining Unicode char U+015C (decimal 348)
   defining Unicode char U+015D (decimal 349)
   defining Unicode char U+015E (decimal 350)
   defining Unicode char U+015F (decimal 351)
   defining Unicode char U+0160 (decimal 352)
   defining Unicode char U+0161 (decimal 353)
   defining Unicode char U+0162 (decimal 354)
   defining Unicode char U+0163 (decimal 355)
   defining Unicode char U+0164 (decimal 356)
   defining Unicode char U+0165 (decimal 357)
   defining Unicode char U+0168 (decimal 360)
   defining Unicode char U+0169 (decimal 361)
   defining Unicode char U+016A (decimal 362)
   defining Unicode char U+016B (decimal 363)
   defining Unicode char U+016C (decimal 364)
   defining Unicode char U+016D (decimal 365)
   defining Unicode char U+016E (decimal 366)
   defining Unicode char U+016F (decimal 367)
   defining Unicode char U+0170 (decimal 368)
   defining Unicode char U+0171 (decimal 369)
   defining Unicode char U+0172 (decimal 370)
   defining Unicode char U+0173 (decimal 371)
   defining Unicode char U+0174 (decimal 372)
   defining Unicode char U+0175 (decimal 373)
   defining Unicode char U+0176 (decimal 374)
   defining Unicode char U+0177 (decimal 375)
   defining Unicode char U+0178 (decimal 376)
   defining Unicode char U+0179 (decimal 377)
   defining Unicode char U+017A (decimal 378)
   defining Unicode char U+017B (decimal 379)
   defining Unicode char U+017C (decimal 380)
   defining Unicode char U+017D (decimal 381)
   defining Unicode char U+017E (decimal 382)
   defining Unicode char U+01CD (decimal 461)
   defining Unicode char U+01CE (decimal 462)
   defining Unicode char U+01CF (decimal 463)
   defining Unicode char U+01D0 (decimal 464)
   defining Unicode char U+01D1 (decimal 465)
   defining Unicode char U+01D2 (decimal 466)
   defining Unicode char U+01D3 (decimal 467)
   defining Unicode char U+01D4 (decimal 468)
   defining Unicode char U+01E2 (decimal 482)
   defining Unicode char U+01E3 (decimal 483)
   defining Unicode char U+01E6 (decimal 486)
   defining Unicode char U+01E7 (decimal 487)
   defining Unicode char U+01E8 (decimal 488)
   defining Unicode char U+01E9 (decimal 489)
   defining Unicode char U+01EA (decimal 490)
   defining Unicode char U+01EB (decimal 491)
   defining Unicode char U+01F0 (decimal 496)
   defining Unicode char U+01F4 (decimal 500)
   defining Unicode char U+01F5 (decimal 501)
   defining Unicode char U+0218 (decimal 536)
   defining Unicode char U+0219 (decimal 537)
   defining Unicode char U+021A (decimal 538)
   defining Unicode char U+021B (decimal 539)
   defining Unicode char U+0232 (decimal 562)
   defining Unicode char U+0233 (decimal 563)
   defining Unicode char U+1E02 (decimal 7682)
   defining Unicode char U+1E03 (decimal 7683)
   defining Unicode char U+200C (decimal 8204)
   defining Unicode char U+2010 (decimal 8208)
   defining Unicode char U+2011 (decimal 8209)
   defining Unicode char U+2012 (decimal 8210)
   defining Unicode char U+2013 (decimal 8211)
   defining Unicode char U+2014 (decimal 8212)
   defining Unicode char U+2015 (decimal 8213)
   defining Unicode char U+2018 (decimal 8216)
   defining Unicode char U+2019 (decimal 8217)
   defining Unicode char U+201A (decimal 8218)
   defining Unicode char U+201C (decimal 8220)
   defining Unicode char U+201D (decimal 8221)
   defining Unicode char U+201E (decimal 8222)
   defining Unicode char U+2030 (decimal 8240)
   defining Unicode char U+2031 (decimal 8241)
   defining Unicode char U+2039 (decimal 8249)
   defining Unicode char U+203A (decimal 8250)
   defining Unicode char U+2423 (decimal 9251)
   defining Unicode char U+1E20 (decimal 7712)
   defining Unicode char U+1E21 (decimal 7713)
)
Now handling font encoding OT1 ...
... processing UTF-8 mapping file for font encoding OT1

(/usr/share/texlive/texmf-dist/tex/latex/base/ot1enc.dfu
File: ot1enc.dfu 2017/01/28 v1.1t UTF-8 support for inputenc
   defining Unicode char U+00A0 (decimal 160)
   defining Unicode char U+00A1 (decimal 161)
   defining Unicode char U+00A3 (decimal 163)
   defining Unicode char U+00AD (decimal 173)
   defining Unicode char U+00B8 (decimal 184)
   defining Unicode char U+00BF (decimal 191)
   defining Unicode char U+00C5 (decimal 197)
   defining Unicode char U+00C6 (decimal 198)
   defining Unicode char U+00D8 (decimal 216)
   defining Unicode char U+00DF (decimal 223)
   defining Unicode char U+00E6 (decimal 230)
   defining Unicode char U+00EC (decimal 236)
   defining Unicode char U+00ED (decimal 237)
   defining Unicode char U+00EE (decimal 238)
   defining Unicode char U+00EF (decimal 239)
   defining Unicode char U+00F8 (decimal 248)
   defining Unicode char U+0131 (decimal 305)
   defining Unicode char U+0141 (decimal 321)
   defining Unicode char U+0142 (decimal 322)
   defining Unicode char U+0152 (decimal 338)
   defining Unicode char U+0153 (decimal 339)
   defining Unicode char U+0174 (decimal 372)
   defining Unicode char U+0175 (decimal 373)
   defining Unicode char U+0176 (decimal 374)
   defining Unicode char U+0177 (decimal 375)
   defining Unicode char U+0218 (decimal 536)
   defining Unicode char U+0219 (decimal 537)
   defining Unicode char U+021A (decimal 538)
   defining Unicode char U+021B (decimal 539)
   defining Unicode char U+2013 (decimal 8211)
   defining Unicode char U+2014 (decimal 8212)
   defining Unicode char U+2018 (decimal 8216)
   defining Unicode char U+2019 (decimal 8217)
   defining Unicode char U+201C (decimal 8220)
   defining Unicode char U+201D (decimal 8221)
)
Now handling font encoding OMS ...
... processing UTF-8 mapping file for font encoding OMS

(/usr/share/texlive/texmf-dist/tex/latex/base/omsenc.dfu
File: omsenc.dfu 2017/01/28 v1.1t UTF-8 support for inputenc
   defining Unicode char U+00A7 (decimal 167)
   defining Unicode char U+00B6 (decimal 182)
   defining Unicode char U+00B7 (decimal 183)
   defining Unicode char U+2020 (decimal 8224)
   defining Unicode char U+2021 (decimal 8225)
   defining Unicode char U+2022 (decimal 8226)
)
Now handling font encoding OMX ...
... no UTF-8 mapping file for font encoding OMX
Now handling font encoding U ...
... no UTF-8 mapping file for font encoding U
   defining Unicode char U+00A9 (decimal 169)
   defining Unicode char U+00AA (decimal 170)
   defining Unicode char U+00AE (decimal 174)
   defining Unicode char U+00BA (decimal 186)
   defining Unicode char U+02C6 (decimal 710)
   defining Unicode char U+02DC (decimal 732)
   defining Unicode char U+200C (decimal 8204)
   defining Unicode char U+2026 (decimal 8230)
   defining Unicode char U+2122 (decimal 8482)
   defining Unicode char U+2423 (decimal 9251)
))
(/usr/share/texlive/texmf-dist/tex/latex/float/float.sty
Package: float 2001/11/08 v1.3d Float enhancements (AL)
\c@float@type=\count97
\float@exts=\toks18
\float@box=\box28
\@float@everytoks=\toks19
\@floatcapt=\box29
)
(/usr/share/texlive/texmf-dist/tex/latex/hyperref/hyperref.sty
Package: hyperref 2018/02/06 v6.86b Hypertext links for LaTeX

(/usr/share/texlive/texmf-dist/tex/generic/oberdiek/hobsub-hyperref.sty
Package: hobsub-hyperref 2016/05/16 v1.14 Bundle oberdiek, subset hyperref (HO)


(/usr/share/texlive/texmf-dist/tex/generic/oberdiek/hobsub-generic.sty
Package: hobsub-generic 2016/05/16 v1.14 Bundle oberdiek, subset generic (HO)
Package: hobsub 2016/05/16 v1.14 Construct package bundles (HO)
Package: infwarerr 2016/05/16 v1.4 Providing info/warning/error messages (HO)
Package: ltxcmds 2016/05/16 v1.23 LaTeX kernel commands for general use (HO)
Package: ifluatex 2016/05/16 v1.4 Provides the ifluatex switch (HO)
Package ifluatex Info: LuaTeX not detected.
Package: ifvtex 2016/05/16 v1.6 Detect VTeX and its facilities (HO)
Package ifvtex Info: VTeX not detected.
Package: intcalc 2016/05/16 v1.2 Expandable calculations with integers (HO)
Package: ifpdf 2017/03/15 v3.2 Provides the ifpdf switch
Package: etexcmds 2016/05/16 v1.6 Avoid name clashes with e-TeX commands (HO)
Package etexcmds Info: Could not find \expanded.
(etexcmds)             That can mean that you are not using pdfTeX 1.50 or
(etexcmds)             that some package has redefined \expanded.
(etexcmds)             In the latter case, load this package earlier.
Package: kvsetkeys 2016/05/16 v1.17 Key value parser (HO)
Package: kvdefinekeys 2016/05/16 v1.4 Define keys (HO)
Package: pdftexcmds 2018/01/21 v0.26 Utility functions of pdfTeX for LuaTeX (HO
)
Package pdftexcmds Info: LuaTeX not detected.
Package pdftexcmds Info: \pdf@primitive is available.
Package pdftexcmds Info: \pdf@ifprimitive is available.
Package pdftexcmds Info: \pdfdraftmode found.
Package: pdfescape 2016/05/16 v1.14 Implements pdfTeX's escape features (HO)
Package: bigintcalc 2016/05/16 v1.4 Expandable calculations on big integers (HO
)
Package: bitset 2016/05/16 v1.2 Handle bit-vector datatype (HO)
Package: uniquecounter 2016/05/16 v1.3 Provide unlimited unique counter (HO)
)
Package hobsub Info: Skipping package `hobsub' (already loaded).
Package: letltxmacro 2016/05/16 v1.5 Let assignment for LaTeX macros (HO)
Package: hopatch 2016/05/16 v1.3 Wrapper for package hooks (HO)
Package: xcolor-patch 2016/05/16 xcolor patch
Package: atveryend 2016/05/16 v1.9 Hooks at the very end of document (HO)
Package atveryend Info: \enddocument detected (standard20110627).
Package: atbegshi 2016/06/09 v1.18 At begin shipout hook (HO)
Package: refcount 2016/05/16 v3.5 Data extraction from label references (HO)
Package: hycolor 2016/05/16 v1.8 Color options for hyperref/bookmark (HO)
)
(/usr/share/texlive/texmf-dist/tex/latex/graphics/keyval.sty
Package: keyval 2014/10/28 v1.15 key=value parser (DPC)
\KV@toks@=\toks20
)
(/usr/share/texlive/texmf-dist/tex/generic/ifxetex/ifxetex.sty
Package: ifxetex 2010/09/12 v0.6 Provides ifxetex conditional
)
(/usr/share/texlive/texmf-dist/tex/latex/oberdiek/auxhook.sty
Package: auxhook 2016/05/16 v1.4 Hooks for auxiliary files (HO)
)
(/usr/share/texlive/texmf-dist/tex/latex/oberdiek/kvoptions.sty
Package: kvoptions 2016/05/16 v3.12 Key value format for package options (HO)
)
\@linkdim=\dimen127
\Hy@linkcounter=\count98
\Hy@pagecounter=\count99

(/usr/share/texlive/texmf-dist/tex/latex/hyperref/pd1enc.def
File: pd1enc.def 2018/02/06 v6.86b Hyperref: PDFDocEncoding definition (HO)
Now handling font encoding PD1 ...
... no UTF-8 mapping file for font encoding PD1
)
\Hy@SavedSpaceFactor=\count100

(/usr/share/texlive/texmf-dist/tex/latex/latexconfig/hyperref.cfg
File: hyperref.cfg 2002/06/06 v1.2 hyperref configuration of TeXLive
)
Package hyperref Info: Hyper figures OFF on input line 4509.
Package hyperref Info: Link nesting OFF on input line 4514.
Package hyperref Info: Hyper index ON on input line 4517.
Package hyperref Info: Plain pages OFF on input line 4524.
Package hyperref Info: Backreferencing OFF on input line 4529.
Package hyperref Info: Implicit mode ON; LaTeX internals redefined.
Package hyperref Info: Bookmarks ON on input line 4762.
\c@Hy@tempcnt=\count101

(/usr/share/texlive/texmf-dist/tex/latex/url/url.sty
\Urlmuskip=\muskip10
Package: url 2013/09/16  ver 3.4  Verb mode for urls, etc.
)
LaTeX Info: Redefining \url on input line 5115.
\XeTeXLinkMargin=\dimen128
\Fld@menulength=\count102
\Field@Width=\dimen129
\Fld@charsize=\dimen130
Package hyperref Info: Hyper figures OFF on input line 6369.
Package hyperref Info: Link nesting OFF on input line 6374.
Package hyperref Info: Hyper index ON on input line 6377.
Package hyperref Info: backreferencing OFF on input line 6384.
Package hyperref Info: Link coloring OFF on input line 6389.
Package hyperref Info: Link coloring with OCG OFF on input line 6394.
Package hyperref Info: PDF/A mode OFF on input line 6399.
LaTeX Info: Redefining \ref on input line 6439.
LaTeX Info: Redefining \pageref on input line 6443.
\Hy@abspage=\count103
\c@Item=\count104
\c@Hfootnote=\count105
)
Package hyperref Info: Driver (autodetected): hpdftex.

(/usr/share/texlive/texmf-dist/tex/latex/hyperref/hpdftex.def
File: hpdftex.def 2018/02/06 v6.86b Hyperref driver for pdfTeX
\Fld@listcount=\count106
\c@bookmark@seq@number=\count107

(/usr/share/texlive/texmf-dist/tex/latex/oberdiek/rerunfilecheck.sty
Package: rerunfilecheck 2016/05/16 v1.8 Rerun checks for auxiliary files (HO)
Package uniquecounter Info: New unique counter `rerunfilecheck' on input line 2
82.
)
\Hy@SectionHShift=\skip44
)
(/usr/share/texlive/texmf-dist/tex/latex/caption/subcaption.sty
Package: subcaption 2016/05/22 v1.1-161 Sub-captions (AR)

(/usr/share/texlive/texmf-dist/tex/latex/caption/caption.sty
Package: caption 2016/02/21 v3.3-144 Customizing captions (AR)

(/usr/share/texlive/texmf-dist/tex/latex/caption/caption3.sty
Package: caption3 2016/05/22 v1.7-166 caption3 kernel (AR)
Package caption3 Info: TeX engine: e-TeX on input line 67.
\captionmargin=\dimen131
\captionmargin@=\dimen132
\captionwidth=\dimen133
\caption@tempdima=\dimen134
\caption@indent=\dimen135
\caption@parindent=\dimen136
\caption@hangindent=\dimen137
Package caption Info: Unknown document class (or package),
(caption)             standard defaults will be used.
)

Package caption Warning: Unsupported document class (or package) detected,
(caption)                usage of the caption package is not recommended.
See the caption package documentation for explanation.

Package caption Info: \@makecaption = \long macro:#1#2->\ifx \@captype \@IEEEta
blestring \footnotesize \bgroup \par \centering \@IEEEtabletopskipstrut {\norma
lfont \footnotesize #1}\\{\normalfont \footnotesize \scshape #2}\par \addvspace
 {0.5\baselineskip }\egroup \@IEEEtablecaptionsepspace \else \@IEEEfigurecaptio
nsepspace \setbox \@tempboxa \hbox {\normalfont \footnotesize {#1.}\nobreakspac
e \nobreakspace #2}\ifdim \wd \@tempboxa >\hsize \setbox \@tempboxa \hbox {\nor
malfont \footnotesize {#1.}\nobreakspace \nobreakspace }\parbox [t]{\hsize }{\n
ormalfont \footnotesize \noindent \unhbox \@tempboxa #2}\else \ifCLASSOPTIONcon
ference \hbox to\hsize {\normalfont \footnotesize \hfil \box \@tempboxa \hfil }
\else \hbox to\hsize {\normalfont \footnotesize \box \@tempboxa \hfil }\fi \fi 
\fi .
\c@ContinuedFloat=\count108
Package caption Info: float package is loaded.
Package caption Info: hyperref package is loaded.
)
\c@subfigure=\count109
\c@subtable=\count110
) (/usr/share/texlive/texmf-dist/tex/latex/graphics/graphicx.sty
Package: graphicx 2017/06/01 v1.1a Enhanced LaTeX Graphics (DPC,SPQR)

(/usr/share/texlive/texmf-dist/tex/latex/graphics/graphics.sty
Package: graphics 2017/06/25 v1.2c Standard LaTeX Graphics (DPC,SPQR)

(/usr/share/texlive/texmf-dist/tex/latex/graphics/trig.sty
Package: trig 2016/01/03 v1.10 sin cos tan (DPC)
)
(/usr/share/texlive/texmf-dist/tex/latex/graphics-cfg/graphics.cfg
File: graphics.cfg 2016/06/04 v1.11 sample graphics configuration
)
Package graphics Info: Driver file: pdftex.def on input line 99.

(/usr/share/texlive/texmf-dist/tex/latex/graphics-def/pdftex.def
File: pdftex.def 2018/01/08 v1.0l Graphics/color driver for pdftex
))
\Gin@req@height=\dimen138
\Gin@req@width=\dimen139
)
(./informe.aux
LaTeX Info: Redefining \. on input line 28.
LaTeX Info: Redefining \% on input line 28.
)
\openout1 = `informe.aux'.

LaTeX Font Info:    Checking defaults for OML/cmm/m/it on input line 32.
LaTeX Font Info:    ... okay on input line 32.
LaTeX Font Info:    Checking defaults for T1/cmr/m/n on input line 32.
LaTeX Font Info:    ... okay on input line 32.
LaTeX Font Info:    Checking defaults for OT1/cmr/m/n on input line 32.
LaTeX Font Info:    ... okay on input line 32.
LaTeX Font Info:    Checking defaults for OMS/cmsy/m/n on input line 32.
LaTeX Font Info:    ... okay on input line 32.
LaTeX Font Info:    Checking defaults for OMX/cmex/m/n on input line 32.
LaTeX Font Info:    ... okay on input line 32.
LaTeX Font Info:    Checking defaults for U/cmr/m/n on input line 32.
LaTeX Font Info:    ... okay on input line 32.
LaTeX Font Info:    Checking defaults for PD1/pdf/m/n on input line 32.
LaTeX Font Info:    ... okay on input line 32.

-- Lines per column: 56 (exact).
\AtBeginShipoutBox=\box30
Package hyperref Info: Link coloring OFF on input line 32.
(/usr/share/texlive/texmf-dist/tex/latex/hyperref/nameref.sty
Package: nameref 2016/05/21 v2.44 Cross-referencing by name of section

(/usr/share/texlive/texmf-dist/tex/generic/oberdiek/gettitlestring.sty
Package: gettitlestring 2016/05/16 v1.5 Cleanup title references (HO)
)
\c@section@level=\count111
)
LaTeX Info: Redefining \ref on input line 32.
LaTeX Info: Redefining \pageref on input line 32.
LaTeX Info: Redefining \nameref on input line 32.

(./informe.out) (./informe.out)
\@outlinefile=\write3
\openout3 = `informe.out'.

Package caption Info: Begin \AtBeginDocument code.
Package caption Info: End \AtBeginDocument code.

(/usr/share/texlive/texmf-dist/tex/context/base/mkii/supp-pdf.mkii
[Loading MPS to PDF converter (version 2006.09.02).]
\scratchcounter=\count112
\scratchdimen=\dimen140
\scratchbox=\box31
\nofMPsegments=\count113
\nofMParguments=\count114
\everyMPshowfont=\toks21
\MPscratchCnt=\count115
\MPscratchDim=\dimen141
\MPnumerator=\count116
\makeMPintoPDFobject=\count117
\everyMPtoPDFconversion=\toks22
) (/usr/share/texlive/texmf-dist/tex/latex/oberdiek/epstopdf-base.sty
Package: epstopdf-base 2016/05/15 v2.6 Base part for package epstopdf

(/usr/share/texlive/texmf-dist/tex/latex/oberdiek/grfext.sty
Package: grfext 2016/05/16 v1.2 Manage graphics extensions (HO)
)
Package epstopdf-base Info: Redefining graphics rule for `.eps' on input line 4
38.
Package grfext Info: Graphics extension search list:
(grfext)             [.pdf,.jpeg,.png,.jpg,.eps]
(grfext)             \AppendGraphicsExtensions on input line 456.

(/usr/share/texlive/texmf-dist/tex/latex/latexconfig/epstopdf-sys.cfg
File: epstopdf-sys.cfg 2010/07/13 v1.3 Configuration of (r)epstopdf for TeX Liv
e
))
LaTeX Info: Redefining \. on input line 33.
LaTeX Info: Redefining \% on input line 33.
LaTeX Font Info:    Font shape `OT1/ptm/bx/sc' in size <10> not available
(Font)              Font shape `OT1/ptm/b/sc' tried instead on input line 53.
Package babel Info: Redefining spanish shorthand <<
(babel)             in language append on input line 53.
Package babel Info: Redefining spanish shorthand >>
(babel)             in language append on input line 53.
Package babel Info: Redefining spanish shorthand "=
(babel)             in language append on input line 53.
Package babel Info: Redefining spanish shorthand "~
(babel)             in language append on input line 53.
Package babel Info: Redefining spanish shorthand "!
(babel)             in language append on input line 53.
Package babel Info: Redefining spanish shorthand "?
(babel)             in language append on input line 53.
Package babel Info: Redefining spanish shorthand <<
(babel)             in language append on input line 57.
Package babel Info: Redefining spanish shorthand >>
(babel)             in language append on input line 57.
Package babel Info: Redefining spanish shorthand "=
(babel)             in language append on input line 57.
Package babel Info: Redefining spanish shorthand "~
(babel)             in language append on input line 57.
Package babel Info: Redefining spanish shorthand "!
(babel)             in language append on input line 57.
Package babel Info: Redefining spanish shorthand "?
(babel)             in language append on input line 57.
<./figuras/maxF.png, id=98, 334.851pt x 178.266pt>
File: ./figuras/maxF.png Graphic file (type png)
<use ./figuras/maxF.png>
Package pdftex.def Info: ./figuras/maxF.png  used on input line 63.
(pdftex.def)             Requested size: 113.81102pt x 60.59059pt.
Package babel Info: Redefining spanish shorthand <<
(babel)             in language append on input line 68.
Package babel Info: Redefining spanish shorthand >>
(babel)             in language append on input line 68.
Package babel Info: Redefining spanish shorthand "=
(babel)             in language append on input line 68.
Package babel Info: Redefining spanish shorthand "~
(babel)             in language append on input line 68.
Package babel Info: Redefining spanish shorthand "!
(babel)             in language append on input line 68.
Package babel Info: Redefining spanish shorthand "?
(babel)             in language append on input line 68.
Package babel Info: Redefining spanish shorthand <<
(babel)             in language append on input line 70.
Package babel Info: Redefining spanish shorthand >>
(babel)             in language append on input line 70.
Package babel Info: Redefining spanish shorthand "=
(babel)             in language append on input line 70.
Package babel Info: Redefining spanish shorthand "~
(babel)             in language append on input line 70.
Package babel Info: Redefining spanish shorthand "!
(babel)             in language append on input line 70.
Package babel Info: Redefining spanish shorthand "?
(babel)             in language append on input line 70.

Underfull \hbox (badness 2302) in paragraph at lines 71--72
[]\OT1/ptm/m/n/10 Los CPU mo-der-nos son sis-te-mas in-te-gra-dos de al-to
 []


Underfull \hbox (badness 1596) in paragraph at lines 71--72
\OT1/ptm/m/n/10 co-mo son pro-ce-sa-do-res de uso ge-ne-ral de-ben en-fren-tar
 []


Underfull \hbox (badness 10000) in paragraph at lines 71--72

 []

<./figuras/cpu_vs_gpu.png, id=101, 986.68625pt x 367.3725pt>
File: ./figuras/cpu_vs_gpu.png Graphic file (type png)
<use ./figuras/cpu_vs_gpu.png>
Package pdftex.def Info: ./figuras/cpu_vs_gpu.png  used on input line 77.
(pdftex.def)             Requested size: 227.62204pt x 84.74614pt.
Package babel Info: Redefining spanish shorthand <<
(babel)             in language append on input line 83.
Package babel Info: Redefining spanish shorthand >>
(babel)             in language append on input line 83.
Package babel Info: Redefining spanish shorthand "=
(babel)             in language append on input line 83.
Package babel Info: Redefining spanish shorthand "~
(babel)             in language append on input line 83.
Package babel Info: Redefining spanish shorthand "!
(babel)             in language append on input line 83.
Package babel Info: Redefining spanish shorthand "?
(babel)             in language append on input line 83.
Package babel Info: Redefining spanish shorthand <<
(babel)             in language append on input line 83.
Package babel Info: Redefining spanish shorthand >>
(babel)             in language append on input line 83.
Package babel Info: Redefining spanish shorthand "=
(babel)             in language append on input line 83.
Package babel Info: Redefining spanish shorthand "~
(babel)             in language append on input line 83.
Package babel Info: Redefining spanish shorthand "!
(babel)             in language append on input line 83.
Package babel Info: Redefining spanish shorthand "?
(babel)             in language append on input line 83.
[1{/var/lib/texmf/fonts/map/pdftex/updmap/pdftex.map}


 <./figuras/maxF.png> <./figuras/cpu_vs_gpu.png>]
Underfull \hbox (badness 1418) in paragraph at lines 96--97
\OT1/ptm/m/n/10 mul-ti-pro-ce-sa-do-res. Es-ta ar-qui-tec-tu-ra usa una ar-qui-
tec-tu-ra
 []


Underfull \hbox (badness 10000) in paragraph at lines 96--97

 []

<./figuras/gpu.png, id=122, 702.625pt x 880.28876pt>
File: ./figuras/gpu.png Graphic file (type png)
<use ./figuras/gpu.png>
Package pdftex.def Info: ./figuras/gpu.png  used on input line 103.
(pdftex.def)             Requested size: 170.71652pt x 213.87944pt.
Package babel Info: Redefining spanish shorthand <<
(babel)             in language append on input line 108.
Package babel Info: Redefining spanish shorthand >>
(babel)             in language append on input line 108.
Package babel Info: Redefining spanish shorthand "=
(babel)             in language append on input line 108.
Package babel Info: Redefining spanish shorthand "~
(babel)             in language append on input line 108.
Package babel Info: Redefining spanish shorthand "!
(babel)             in language append on input line 108.
Package babel Info: Redefining spanish shorthand "?
(babel)             in language append on input line 108.

Underfull \hbox (badness 10000) in paragraph at lines 109--110

 []


Underfull \hbox (badness 10000) in paragraph at lines 111--112

 []

<./figuras/cuda_model.png, id=127, 472.76625pt x 612.2875pt>
File: ./figuras/cuda_model.png Graphic file (type png)
<use ./figuras/cuda_model.png>
Package pdftex.def Info: ./figuras/cuda_model.png  used on input line 117.
(pdftex.def)             Requested size: 170.71652pt x 221.09601pt.
Package babel Info: Redefining spanish shorthand <<
(babel)             in language append on input line 122.
Package babel Info: Redefining spanish shorthand >>
(babel)             in language append on input line 122.
Package babel Info: Redefining spanish shorthand "=
(babel)             in language append on input line 122.
Package babel Info: Redefining spanish shorthand "~
(babel)             in language append on input line 122.
Package babel Info: Redefining spanish shorthand "!
(babel)             in language append on input line 122.
Package babel Info: Redefining spanish shorthand "?
(babel)             in language append on input line 122.
Package babel Info: Redefining spanish shorthand <<
(babel)             in language append on input line 124.
Package babel Info: Redefining spanish shorthand >>
(babel)             in language append on input line 124.
Package babel Info: Redefining spanish shorthand "=
(babel)             in language append on input line 124.
Package babel Info: Redefining spanish shorthand "~
(babel)             in language append on input line 124.
Package babel Info: Redefining spanish shorthand "!
(babel)             in language append on input line 124.
Package babel Info: Redefining spanish shorthand "?
(babel)             in language append on input line 124.
LaTeX Font Info:    External font `cmex10' loaded for size
(Font)              <8> on input line 129.
LaTeX Font Info:    External font `cmex10' loaded for size
(Font)              <6> on input line 129.
LaTeX Font Info:    External font `cmex10' loaded for size
(Font)              <5> on input line 129.
Package babel Info: Redefining spanish shorthand <<
(babel)             in language append on input line 145.
Package babel Info: Redefining spanish shorthand >>
(babel)             in language append on input line 145.
Package babel Info: Redefining spanish shorthand "=
(babel)             in language append on input line 145.
Package babel Info: Redefining spanish shorthand "~
(babel)             in language append on input line 145.
Package babel Info: Redefining spanish shorthand "!
(babel)             in language append on input line 145.
Package babel Info: Redefining spanish shorthand "?
(babel)             in language append on input line 145.
Package babel Info: Redefining spanish shorthand <<
(babel)             in language append on input line 148.
Package babel Info: Redefining spanish shorthand >>
(babel)             in language append on input line 148.
Package babel Info: Redefining spanish shorthand "=
(babel)             in language append on input line 148.
Package babel Info: Redefining spanish shorthand "~
(babel)             in language append on input line 148.
Package babel Info: Redefining spanish shorthand "!
(babel)             in language append on input line 148.
Package babel Info: Redefining spanish shorthand "?
(babel)             in language append on input line 148.
Package babel Info: Redefining spanish shorthand <<
(babel)             in language append on input line 150.
Package babel Info: Redefining spanish shorthand >>
(babel)             in language append on input line 150.
Package babel Info: Redefining spanish shorthand "=
(babel)             in language append on input line 150.
Package babel Info: Redefining spanish shorthand "~
(babel)             in language append on input line 150.
Package babel Info: Redefining spanish shorthand "!
(babel)             in language append on input line 150.
Package babel Info: Redefining spanish shorthand "?
(babel)             in language append on input line 150.
Package babel Info: Redefining spanish shorthand <<
(babel)             in language append on input line 150.
Package babel Info: Redefining spanish shorthand >>
(babel)             in language append on input line 150.
Package babel Info: Redefining spanish shorthand "=
(babel)             in language append on input line 150.
Package babel Info: Redefining spanish shorthand "~
(babel)             in language append on input line 150.
Package babel Info: Redefining spanish shorthand "!
(babel)             in language append on input line 150.
Package babel Info: Redefining spanish shorthand "?
(babel)             in language append on input line 150.
[2 <./figuras/gpu.png> <./figuras/cuda_model.png>]
Package babel Info: Redefining spanish shorthand <<
(babel)             in language append on input line 151.
Package babel Info: Redefining spanish shorthand >>
(babel)             in language append on input line 151.
Package babel Info: Redefining spanish shorthand "=
(babel)             in language append on input line 151.
Package babel Info: Redefining spanish shorthand "~
(babel)             in language append on input line 151.
Package babel Info: Redefining spanish shorthand "!
(babel)             in language append on input line 151.
Package babel Info: Redefining spanish shorthand "?
(babel)             in language append on input line 151.
Package babel Info: Redefining spanish shorthand <<
(babel)             in language append on input line 153.
Package babel Info: Redefining spanish shorthand >>
(babel)             in language append on input line 153.
Package babel Info: Redefining spanish shorthand "=
(babel)             in language append on input line 153.
Package babel Info: Redefining spanish shorthand "~
(babel)             in language append on input line 153.
Package babel Info: Redefining spanish shorthand "!
(babel)             in language append on input line 153.
Package babel Info: Redefining spanish shorthand "?
(babel)             in language append on input line 153.
Package babel Info: Redefining spanish shorthand <<
(babel)             in language append on input line 155.
Package babel Info: Redefining spanish shorthand >>
(babel)             in language append on input line 155.
Package babel Info: Redefining spanish shorthand "=
(babel)             in language append on input line 155.
Package babel Info: Redefining spanish shorthand "~
(babel)             in language append on input line 155.
Package babel Info: Redefining spanish shorthand "!
(babel)             in language append on input line 155.
Package babel Info: Redefining spanish shorthand "?
(babel)             in language append on input line 155.
Package babel Info: Redefining spanish shorthand <<
(babel)             in language append on input line 157.
Package babel Info: Redefining spanish shorthand >>
(babel)             in language append on input line 157.
Package babel Info: Redefining spanish shorthand "=
(babel)             in language append on input line 157.
Package babel Info: Redefining spanish shorthand "~
(babel)             in language append on input line 157.
Package babel Info: Redefining spanish shorthand "!
(babel)             in language append on input line 157.
Package babel Info: Redefining spanish shorthand "?
(babel)             in language append on input line 157.
<./figuras/threads_blocks.png, id=147, 696.6025pt x 506.89375pt>
File: ./figuras/threads_blocks.png Graphic file (type png)
<use ./figuras/threads_blocks.png>
Package pdftex.def Info: ./figuras/threads_blocks.png  used on input line 162.
(pdftex.def)             Requested size: 142.26378pt x 103.51942pt.
Package babel Info: Redefining spanish shorthand <<
(babel)             in language append on input line 168.
Package babel Info: Redefining spanish shorthand >>
(babel)             in language append on input line 168.
Package babel Info: Redefining spanish shorthand "=
(babel)             in language append on input line 168.
Package babel Info: Redefining spanish shorthand "~
(babel)             in language append on input line 168.
Package babel Info: Redefining spanish shorthand "!
(babel)             in language append on input line 168.
Package babel Info: Redefining spanish shorthand "?
(babel)             in language append on input line 168.
<./figuras/shared_mem.png, id=154, 705.63625pt x 841.1425pt>
File: ./figuras/shared_mem.png Graphic file (type png)
<use ./figuras/shared_mem.png>
Package pdftex.def Info: ./figuras/shared_mem.png  used on input line 173.
(pdftex.def)             Requested size: 142.26378pt x 169.57317pt.
Package babel Info: Redefining spanish shorthand <<
(babel)             in language append on input line 178.
Package babel Info: Redefining spanish shorthand >>
(babel)             in language append on input line 178.
Package babel Info: Redefining spanish shorthand "=
(babel)             in language append on input line 178.
Package babel Info: Redefining spanish shorthand "~
(babel)             in language append on input line 178.
Package babel Info: Redefining spanish shorthand "!
(babel)             in language append on input line 178.
Package babel Info: Redefining spanish shorthand "?
(babel)             in language append on input line 178.
Package babel Info: Redefining spanish shorthand <<
(babel)             in language append on input line 182.
Package babel Info: Redefining spanish shorthand >>
(babel)             in language append on input line 182.
Package babel Info: Redefining spanish shorthand "=
(babel)             in language append on input line 182.
Package babel Info: Redefining spanish shorthand "~
(babel)             in language append on input line 182.
Package babel Info: Redefining spanish shorthand "!
(babel)             in language append on input line 182.
Package babel Info: Redefining spanish shorthand "?
(babel)             in language append on input line 182.

Underfull \vbox (badness 1776) has occurred while \output is active []

Package babel Info: Redefining spanish shorthand <<
(babel)             in language append on input line 186.
Package babel Info: Redefining spanish shorthand >>
(babel)             in language append on input line 186.
Package babel Info: Redefining spanish shorthand "=
(babel)             in language append on input line 186.
Package babel Info: Redefining spanish shorthand "~
(babel)             in language append on input line 186.
Package babel Info: Redefining spanish shorthand "!
(babel)             in language append on input line 186.
Package babel Info: Redefining spanish shorthand "?
(babel)             in language append on input line 186.
Package babel Info: Redefining spanish shorthand <<
(babel)             in language append on input line 186.
Package babel Info: Redefining spanish shorthand >>
(babel)             in language append on input line 186.
Package babel Info: Redefining spanish shorthand "=
(babel)             in language append on input line 186.
Package babel Info: Redefining spanish shorthand "~
(babel)             in language append on input line 186.
Package babel Info: Redefining spanish shorthand "!
(babel)             in language append on input line 186.
Package babel Info: Redefining spanish shorthand "?
(babel)             in language append on input line 186.
 [3 <./figuras/threads_blocks.png> <./figuras/shared_mem.png>]
LaTeX Font Info:    Try loading font information for OMS+ptm on input line 186.


(/usr/share/texlive/texmf-dist/tex/latex/psnfss/omsptm.fd
File: omsptm.fd 
)
LaTeX Font Info:    Font shape `OMS/ptm/m/n' in size <10> not available
(Font)              Font shape `OMS/cmsy/m/n' tried instead on input line 186.
Package babel Info: Redefining spanish shorthand <<
(babel)             in language append on input line 193.
Package babel Info: Redefining spanish shorthand >>
(babel)             in language append on input line 193.
Package babel Info: Redefining spanish shorthand "=
(babel)             in language append on input line 193.
Package babel Info: Redefining spanish shorthand "~
(babel)             in language append on input line 193.
Package babel Info: Redefining spanish shorthand "!
(babel)             in language append on input line 193.
Package babel Info: Redefining spanish shorthand "?
(babel)             in language append on input line 193.
Package babel Info: Redefining spanish shorthand <<
(babel)             in language append on input line 194.
Package babel Info: Redefining spanish shorthand >>
(babel)             in language append on input line 194.
Package babel Info: Redefining spanish shorthand "=
(babel)             in language append on input line 194.
Package babel Info: Redefining spanish shorthand "~
(babel)             in language append on input line 194.
Package babel Info: Redefining spanish shorthand "!
(babel)             in language append on input line 194.
Package babel Info: Redefining spanish shorthand "?
(babel)             in language append on input line 194.

Underfull \hbox (badness 10000) in paragraph at lines 195--196

 []

<./figuras/time_vs_opt.png, id=176, 3291.29625pt x 1682.53593pt>
File: ./figuras/time_vs_opt.png Graphic file (type png)
<use ./figuras/time_vs_opt.png>
Package pdftex.def Info: ./figuras/time_vs_opt.png  used on input line 218.
(pdftex.def)             Requested size: 256.0748pt x 130.88298pt.

Overfull \hbox (4.0748pt too wide) in paragraph at lines 218--219
 [][] 
 []

<./figuras/lenna.png, id=178, 723.70375pt x 433.62pt>
File: ./figuras/lenna.png Graphic file (type png)
<use ./figuras/lenna.png>
Package pdftex.def Info: ./figuras/lenna.png  used on input line 227.
(pdftex.def)             Requested size: 170.71652pt x 102.28447pt.
Package babel Info: Redefining spanish shorthand <<
(babel)             in language append on input line 232.
Package babel Info: Redefining spanish shorthand >>
(babel)             in language append on input line 232.
Package babel Info: Redefining spanish shorthand "=
(babel)             in language append on input line 232.
Package babel Info: Redefining spanish shorthand "~
(babel)             in language append on input line 232.
Package babel Info: Redefining spanish shorthand "!
(babel)             in language append on input line 232.
Package babel Info: Redefining spanish shorthand "?
(babel)             in language append on input line 232.

Underfull \hbox (badness 10000) in paragraph at lines 233--234

 []


Overfull \hbox (32.93549pt too wide) in paragraph at lines 240--253
 [][] 
 []

<./figuras/varianza.png, id=181, 1715.40875pt x 809.0225pt>
File: ./figuras/varianza.png Graphic file (type png)
<use ./figuras/varianza.png>
Package pdftex.def Info: ./figuras/varianza.png  used on input line 257.
(pdftex.def)             Requested size: 270.30118pt x 127.4711pt.

Overfull \hbox (18.30118pt too wide) in paragraph at lines 257--258
 [][] 
 []

Package babel Info: Redefining spanish shorthand <<
(babel)             in language append on input line 263.
Package babel Info: Redefining spanish shorthand >>
(babel)             in language append on input line 263.
Package babel Info: Redefining spanish shorthand "=
(babel)             in language append on input line 263.
Package babel Info: Redefining spanish shorthand "~
(babel)             in language append on input line 263.
Package babel Info: Redefining spanish shorthand "!
(babel)             in language append on input line 263.
Package babel Info: Redefining spanish shorthand "?
(babel)             in language append on input line 263.
Package babel Info: Redefining spanish shorthand <<
(babel)             in language append on input line 281.
Package babel Info: Redefining spanish shorthand >>
(babel)             in language append on input line 281.
Package babel Info: Redefining spanish shorthand "=
(babel)             in language append on input line 281.
Package babel Info: Redefining spanish shorthand "~
(babel)             in language append on input line 281.
Package babel Info: Redefining spanish shorthand "!
(babel)             in language append on input line 281.
Package babel Info: Redefining spanish shorthand "?
(babel)             in language append on input line 281.
Package babel Info: Redefining spanish shorthand <<
(babel)             in language append on input line 281.
Package babel Info: Redefining spanish shorthand >>
(babel)             in language append on input line 281.
Package babel Info: Redefining spanish shorthand "=
(babel)             in language append on input line 281.
Package babel Info: Redefining spanish shorthand "~
(babel)             in language append on input line 281.
Package babel Info: Redefining spanish shorthand "!
(babel)             in language append on input line 281.
Package babel Info: Redefining spanish shorthand "?
(babel)             in language append on input line 281.
[4 <./figuras/time_vs_opt.png> <./figuras/lenna.png> <./figuras/varianza.png>]
<./figuras/lenna_gpu.png, id=198, 722.7pt x 436.63126pt>
File: ./figuras/lenna_gpu.png Graphic file (type png)
<use ./figuras/lenna_gpu.png>
Package pdftex.def Info: ./figuras/lenna_gpu.png  used on input line 286.
(pdftex.def)             Requested size: 99.58464pt x 60.1619pt.
<./figuras/lenna_cpu.png, id=199, 722.7pt x 432.61626pt>
File: ./figuras/lenna_cpu.png Graphic file (type png)
<use ./figuras/lenna_cpu.png>
Package pdftex.def Info: ./figuras/lenna_cpu.png  used on input line 290.
(pdftex.def)             Requested size: 99.58464pt x 59.60869pt.
<./figuras/lenna_separable.png, id=200, 722.7pt x 434.62375pt>
File: ./figuras/lenna_separable.png Graphic file (type png)
<use ./figuras/lenna_separable.png>
Package pdftex.def Info: ./figuras/lenna_separable.png  used on input line 295.

(pdftex.def)             Requested size: 99.58464pt x 59.88528pt.
<./figuras/lenna_mth.png, id=201, 722.7pt x 430.60875pt>
File: ./figuras/lenna_mth.png Graphic file (type png)
<use ./figuras/lenna_mth.png>
Package pdftex.def Info: ./figuras/lenna_mth.png  used on input line 299.
(pdftex.def)             Requested size: 99.58464pt x 59.33208pt.
<./figuras/lenna_shared.png, id=202, 724.7075pt x 433.62pt>
File: ./figuras/lenna_shared.png Graphic file (type png)
<use ./figuras/lenna_shared.png>
Package pdftex.def Info: ./figuras/lenna_shared.png  used on input line 304.
(pdftex.def)             Requested size: 99.58464pt x 59.58157pt.
<./figuras/lenna_lti.png, id=203, 722.7pt x 433.62pt>
File: ./figuras/lenna_lti.png Graphic file (type png)
<use ./figuras/lenna_lti.png>
Package pdftex.def Info: ./figuras/lenna_lti.png  used on input line 308.
(pdftex.def)             Requested size: 99.58464pt x 59.747pt.
Package babel Info: Redefining spanish shorthand <<
(babel)             in language append on input line 316.
Package babel Info: Redefining spanish shorthand >>
(babel)             in language append on input line 316.
Package babel Info: Redefining spanish shorthand "=
(babel)             in language append on input line 316.
Package babel Info: Redefining spanish shorthand "~
(babel)             in language append on input line 316.
Package babel Info: Redefining spanish shorthand "!
(babel)             in language append on input line 316.
Package babel Info: Redefining spanish shorthand "?
(babel)             in language append on input line 316.
Package babel Info: Redefining spanish shorthand <<
(babel)             in language append on input line 322.
Package babel Info: Redefining spanish shorthand >>
(babel)             in language append on input line 322.
Package babel Info: Redefining spanish shorthand "=
(babel)             in language append on input line 322.
Package babel Info: Redefining spanish shorthand "~
(babel)             in language append on input line 322.
Package babel Info: Redefining spanish shorthand "!
(babel)             in language append on input line 322.
Package babel Info: Redefining spanish shorthand "?
(babel)             in language append on input line 322.

(./informe.bbl
Package babel Info: Redefining spanish shorthand <<
(babel)             in language append on input line 2.
Package babel Info: Redefining spanish shorthand >>
(babel)             in language append on input line 2.
Package babel Info: Redefining spanish shorthand "=
(babel)             in language append on input line 2.
Package babel Info: Redefining spanish shorthand "~
(babel)             in language append on input line 2.
Package babel Info: Redefining spanish shorthand "!
(babel)             in language append on input line 2.
Package babel Info: Redefining spanish shorthand "?
(babel)             in language append on input line 2.

Underfull \hbox (badness 6016) in paragraph at lines 46--49
\OT1/ptm/m/n/8 Avai-la-ble: []$http : / / ecee . colorado . edu / []siewerts / 
extra / code / example[]
 []


Underfull \hbox (badness 10000) in paragraph at lines 46--49
\OT1/ptm/m/n/8 code[]archive / a490dmis[]code / CUDA / cuda[]work / samples / 3
[]Imaging /
 []

Package babel Info: Redefining spanish shorthand <<
(babel)             in language append on input line 64.
Package babel Info: Redefining spanish shorthand >>
(babel)             in language append on input line 64.
Package babel Info: Redefining spanish shorthand "=
(babel)             in language append on input line 64.
Package babel Info: Redefining spanish shorthand "~
(babel)             in language append on input line 64.
Package babel Info: Redefining spanish shorthand "!
(babel)             in language append on input line 64.
Package babel Info: Redefining spanish shorthand "?
(babel)             in language append on input line 64.
Package babel Info: Redefining spanish shorthand <<
(babel)             in language append on input line 64.
Package babel Info: Redefining spanish shorthand >>
(babel)             in language append on input line 64.
Package babel Info: Redefining spanish shorthand "=
(babel)             in language append on input line 64.
Package babel Info: Redefining spanish shorthand "~
(babel)             in language append on input line 64.
Package babel Info: Redefining spanish shorthand "!
(babel)             in language append on input line 64.
Package babel Info: Redefining spanish shorthand "?
(babel)             in language append on input line 64.
[5 <./figuras/lenna_gpu.png> <./figuras/lenna_cpu.png> <./figuras/lenna_separab
le.png> <./figuras/lenna_mth.png> <./figuras/lenna_shared.png> <./figuras/lenna
_lti.png>]
Underfull \hbox (badness 2884) in paragraph at lines 78--82
[]\OT1/ptm/m/n/8 Pseudonimo:Log0, ``Dif-fe-ren-ces bet-ween the l1-norm
 []


Overfull \hbox (76.38847pt too wide) in paragraph at lines 78--82
\OT1/ptm/m/n/8 dierences-[]between-[]the-[]l1-[]norm-[]and-[]the-[]l2-[]norm-[
]least-[]absolute-[]deviations-[]and-[]least-[]squares/$[] 
 []

)

** Conference Paper **
Before submitting the final camera ready copy, remember to:

 1. Manually equalize the lengths of two columns on the last page
 of your paper;

 2. Ensure that any PostScript and/or PDF output post-processing
 uses only Type 1 fonts and that every step in the generation
 process uses the appropriate paper size.

Package atveryend Info: Empty hook `BeforeClearDocument' on input line 338.
Package babel Info: Redefining spanish shorthand <<
(babel)             in language append on input line 338.
Package babel Info: Redefining spanish shorthand >>
(babel)             in language append on input line 338.
Package babel Info: Redefining spanish shorthand "=
(babel)             in language append on input line 338.
Package babel Info: Redefining spanish shorthand "~
(babel)             in language append on input line 338.
Package babel Info: Redefining spanish shorthand "!
(babel)             in language append on input line 338.
Package babel Info: Redefining spanish shorthand "?
(babel)             in language append on input line 338.
Package babel Info: Redefining spanish shorthand <<
(babel)             in language append on input line 338.
Package babel Info: Redefining spanish shorthand >>
(babel)             in language append on input line 338.
Package babel Info: Redefining spanish shorthand "=
(babel)             in language append on input line 338.
Package babel Info: Redefining spanish shorthand "~
(babel)             in language append on input line 338.
Package babel Info: Redefining spanish shorthand "!
(babel)             in language append on input line 338.
Package babel Info: Redefining spanish shorthand "?
(babel)             in language append on input line 338.
[6

]
Package atveryend Info: Empty hook `AfterLastShipout' on input line 338.
 (./informe.aux
LaTeX Info: Redefining \. on input line 28.
LaTeX Info: Redefining \% on input line 28.
)
Package atveryend Info: Executing hook `AtVeryEndDocument' on input line 338.
Package atveryend Info: Executing hook `AtEndAfterFileList' on input line 338.
Package rerunfilecheck Info: File `informe.out' has not changed.
(rerunfilecheck)             Checksum: 676B16C7EE3D0DE2C1866C791905B500;1687.
Package atveryend Info: Empty hook `AtVeryVeryEnd' on input line 338.
 ) 
Here is how much of TeX's memory you used:
 8400 strings out of 492982
 130341 string characters out of 6134895
 231043 words of memory out of 5000000
 11810 multiletter control sequences out of 15000+600000
 41042 words of font info for 74 fonts, out of 8000000 for 9000
 1144 hyphenation exceptions out of 8191
 42i,10n,42p,873b,497s stack positions out of 5000i,500n,10000p,200000b,80000s
{/usr/share/texlive/texmf-dist/fonts/enc/dvips/base/8r.enc}</usr/share/texliv
e/texmf-dist/fonts/type1/public/amsfonts/cm/cmmi8.pfb></usr/share/texlive/texmf
-dist/fonts/type1/public/amsfonts/cm/cmr6.pfb></usr/share/texlive/texmf-dist/fo
nts/type1/public/amsfonts/cm/cmsy10.pfb></usr/share/texlive/texmf-dist/fonts/ty
pe1/public/amsfonts/cm/cmsy6.pfb></usr/share/texlive/texmf-dist/fonts/type1/urw
/times/utmb8a.pfb></usr/share/texlive/texmf-dist/fonts/type1/urw/times/utmbi8a.
pfb></usr/share/texlive/texmf-dist/fonts/type1/urw/times/utmr8a.pfb></usr/share
/texlive/texmf-dist/fonts/type1/urw/times/utmri8a.pfb>
Output written on informe.pdf (6 pages, 1995373 bytes).
PDF statistics:
 289 PDF objects out of 1000 (max. 8388607)
 235 compressed objects within 3 object streams
 55 named destinations out of 1000 (max. 500000)
 260 words of extra memory for PDF output out of 10000 (max. 10000000)

